----------

Fri Jun 02 2023 11:02:20 GMT+0200 (Mitteleuropäische Sommerzeit)

warning: in the working copy of 'assets/bootstrap/css/bootstrap.min.css', LF will be replaced by CRLF the next time Git touches it


----------

Fri Jun 02 2023 11:02:20 GMT+0200 (Mitteleuropäische Sommerzeit)

warning: in the working copy of 'assets/bootstrap/js/bootstrap.min.js', LF will be replaced by CRLF the next time Git touches it


----------

Fri Jun 02 2023 11:02:20 GMT+0200 (Mitteleuropäische Sommerzeit)

warning: in the working copy of 'assets/css/Features-Minimal-icons.css', LF will be replaced by CRLF the next time Git touches it


----------

Fri Jun 02 2023 11:02:20 GMT+0200 (Mitteleuropäische Sommerzeit)

warning: in the working copy of 'index.html', LF will be replaced by CRLF the next time Git touches it


----------

Fri Jun 02 2023 11:02:20 GMT+0200 (Mitteleuropäische Sommerzeit)

warning: in the working copy of 'sitemap.xml', LF will be replaced by CRLF the next time Git touches it


----------

Fri Jun 02 2023 11:02:23 GMT+0200 (Mitteleuropäische Sommerzeit)

remote: Resolving deltas:   0% (0/1)        remote: Resolving deltas: 100% (1/1)        remote: Resolving deltas: 100% (1/1), completed with 1 local object.        


----------

Fri Jun 02 2023 11:02:23 GMT+0200 (Mitteleuropäische Sommerzeit)

To https://github.com/mergedeyes/mergedeyes.github.io.git
   3a4c214..21c4d5c  main -> main


----------

Fri Jun 02 2023 11:03:59 GMT+0200 (Mitteleuropäische Sommerzeit)

warning: in the working copy of 'assets/bootstrap/css/bootstrap.min.css', LF will be replaced by CRLF the next time Git touches it


----------

Fri Jun 02 2023 11:03:59 GMT+0200 (Mitteleuropäische Sommerzeit)

warning: in the working copy of 'assets/bootstrap/js/bootstrap.min.js', LF will be replaced by CRLF the next time Git touches it


----------

Fri Jun 02 2023 11:03:59 GMT+0200 (Mitteleuropäische Sommerzeit)

warning: in the working copy of 'assets/css/Features-Minimal-icons.css', LF will be replaced by CRLF the next time Git touches it


----------

Fri Jun 02 2023 11:03:59 GMT+0200 (Mitteleuropäische Sommerzeit)

warning: in the working copy of 'index.html', LF will be replaced by CRLF the next time Git touches it


----------

Fri Jun 02 2023 11:04:00 GMT+0200 (Mitteleuropäische Sommerzeit)

warning: in the working copy of 'sitemap.xml', LF will be replaced by CRLF the next time Git touches it


----------

Fri Jun 02 2023 11:04:02 GMT+0200 (Mitteleuropäische Sommerzeit)

remote: Resolving deltas:   0% (0/1)        remote: Resolving deltas: 100% (1/1)        remote: Resolving deltas: 100% (1/1), completed with 1 local object.        


----------

Fri Jun 02 2023 11:04:02 GMT+0200 (Mitteleuropäische Sommerzeit)

To https://github.com/mergedeyes/mergedeyes.github.io.git
   21c4d5c..31deab6  main -> main


----------

Fri Jun 02 2023 12:24:22 GMT+0200 (Mitteleuropäische Sommerzeit)

warning: in the working copy of 'assets/bootstrap/css/bootstrap.min.css', LF will be replaced by CRLF the next time Git touches it


----------

Fri Jun 02 2023 12:24:22 GMT+0200 (Mitteleuropäische Sommerzeit)

warning: in the working copy of 'assets/bootstrap/js/bootstrap.min.js', LF will be replaced by CRLF the next time Git touches it


----------

Fri Jun 02 2023 12:24:22 GMT+0200 (Mitteleuropäische Sommerzeit)

warning: in the working copy of 'assets/css/Features-Minimal-icons.css', LF will be replaced by CRLF the next time Git touches it


----------

Fri Jun 02 2023 12:24:22 GMT+0200 (Mitteleuropäische Sommerzeit)

warning: in the working copy of 'index.html', LF will be replaced by CRLF the next time Git touches it


----------

Fri Jun 02 2023 12:24:22 GMT+0200 (Mitteleuropäische Sommerzeit)

warning: in the working copy of 'sitemap.xml', LF will be replaced by CRLF the next time Git touches it


----------

Fri Jun 02 2023 12:24:24 GMT+0200 (Mitteleuropäische Sommerzeit)

To https://github.com/mergedeyes/mergedeyes.github.io.git
 ! [rejected]        main -> main (non-fast-forward)
error: failed to push some refs to 'https://github.com/mergedeyes/mergedeyes.github.io.git'


----------

Fri Jun 02 2023 12:24:24 GMT+0200 (Mitteleuropäische Sommerzeit)

hint: Updates were rejected because the tip of your current branch is behind
hint: its remote counterpart. Integrate the remote changes (e.g.
hint: 'git pull ...') before pushing again.
hint: See the 'Note about fast-forwards' in 'git push --help' for details.


----------

Fri Jun 02 2023 12:27:30 GMT+0200 (Mitteleuropäische Sommerzeit)

warning: in the working copy of 'assets/bootstrap/css/bootstrap.min.css', LF will be replaced by CRLF the next time Git touches it


----------

Fri Jun 02 2023 12:27:30 GMT+0200 (Mitteleuropäische Sommerzeit)

warning: in the working copy of 'assets/bootstrap/js/bootstrap.min.js', LF will be replaced by CRLF the next time Git touches it


----------

Fri Jun 02 2023 12:27:30 GMT+0200 (Mitteleuropäische Sommerzeit)

warning: in the working copy of 'assets/css/Features-Minimal-icons.css', LF will be replaced by CRLF the next time Git touches it


----------

Fri Jun 02 2023 12:27:30 GMT+0200 (Mitteleuropäische Sommerzeit)

warning: in the working copy of 'index.html', LF will be replaced by CRLF the next time Git touches it


----------

Fri Jun 02 2023 12:27:30 GMT+0200 (Mitteleuropäische Sommerzeit)

warning: in the working copy of 'sitemap.xml', LF will be replaced by CRLF the next time Git touches it


----------

Fri Jun 02 2023 12:27:32 GMT+0200 (Mitteleuropäische Sommerzeit)

To https://github.com/mergedeyes/mergedeyes.github.io.git
 ! [rejected]        main -> main (fetch first)
error: failed to push some refs to 'https://github.com/mergedeyes/mergedeyes.github.io.git'


----------

Fri Jun 02 2023 12:27:32 GMT+0200 (Mitteleuropäische Sommerzeit)

hint: Updates were rejected because the remote contains work that you do
hint: not have locally. This is usually caused by another repository pushing
hint: to the same ref. You may want to first integrate the remote changes
hint: (e.g., 'git pull ...') before pushing again.
hint: See the 'Note about fast-forwards' in 'git push --help' for details.


